<?xml version="1.0" encoding="UTF-8"?>
<testng-results skipped="0" failed="0" total="1" passed="1">
  <reporter-output>
  </reporter-output>
  <suite name="Default suite" duration-ms="28741" started-at="2018-06-25T04:31:22Z" finished-at="2018-06-25T04:31:50Z">
    <groups>
    </groups>
    <test name="Default test" duration-ms="28741" started-at="2018-06-25T04:31:22Z" finished-at="2018-06-25T04:31:50Z">
      <class name="com.eBay.Testcases.EbayCheckout">
        <test-method status="PASS" signature="createAppiumDriver()[pri:0, instance:com.eBay.Testcases.EbayCheckout@5ec0a365]" name="createAppiumDriver" is-config="true" duration-ms="19597" started-at="2018-06-25T10:01:22Z" finished-at="2018-06-25T10:01:41Z">
          <reporter-output>
          </reporter-output>
        </test-method> <!-- createAppiumDriver -->
        <test-method status="PASS" signature="login()[pri:0, instance:com.eBay.Testcases.EbayCheckout@5ec0a365]" name="login" is-config="true" duration-ms="5869" started-at="2018-06-25T10:01:41Z" finished-at="2018-06-25T10:01:47Z">
          <reporter-output>
          </reporter-output>
        </test-method> <!-- login -->
        <test-method status="PASS" signature="addProductToCartPage()[pri:0, instance:com.eBay.Testcases.EbayCheckout@5ec0a365]" name="addProductToCartPage" duration-ms="16" started-at="2018-06-25T10:01:47Z" finished-at="2018-06-25T10:01:47Z">
          <reporter-output>
          </reporter-output>
        </test-method> <!-- addProductToCartPage -->
        <test-method status="PASS" signature="afterTest()[pri:0, instance:com.eBay.Testcases.EbayCheckout@5ec0a365]" name="afterTest" is-config="true" duration-ms="3211" started-at="2018-06-25T10:01:47Z" finished-at="2018-06-25T10:01:50Z">
          <reporter-output>
          </reporter-output>
        </test-method> <!-- afterTest -->
      </class> <!-- com.eBay.Testcases.EbayCheckout -->
    </test> <!-- Default test -->
  </suite> <!-- Default suite -->
</testng-results>
